Terminaux inutilisés dans la grammaire

    tNE
    tGE
    tLE
    tNOT
    tRETURN


Grammaire

    0 $accept: Program $end

    1 Program: Functions

    2 Functions: Function
    3          | Function Functions

    4 Function: FunctionType FunctionName tLPAR DeclareArgs tRPAR tLBRACE Body tRBRACE

    5 CallFunction: tPRINT tLPAR tID tRPAR
    6             | FunctionName tLPAR CallArgs tRPAR

    7 DeclareArgs: VarType tID DeclareArgNext
    8            | %empty

    9 DeclareArgNext: tCOMMA DeclareArgs
   10               | %empty

   11 CallArgs: RightOperand CallArgNext
   12         | %empty

   13 CallArgNext: tCOMMA CallArgs
   14            | %empty

   15 PreType: tCONST
   16        | %empty

   17 Type: tINT
   18     | tSTRING
   19     | tVOID

   20 FunctionType: Type

   21 VarType: PreType Type

   22 FunctionName: tMAIN
   23             | tID

   24 Body: Lines

   25 Lines: Line Lines
   26      | %empty

   27 Line: CallFunction tSEMI
   28     | Declaration tSEMI
   29     | Assignment tSEMI

   30 $@1: %empty

   31 Line: Condition tLBRACE $@1 Body tRBRACE

   32 Declaration: VarType tID
   33            | VarType tID tASSIGN RightOperand

   34 Assignment: tID tASSIGN RightOperand

   35 RightOperand: CallFunction
   36             | Operations
   37             | tNB
   38             | tID

   39 Operations: Negative
   40           | Addition
   41           | Substraction
   42           | Division
   43           | Multiplication
   44           | And
   45           | Or
   46           | Equal
   47           | Lower
   48           | Greater

   49 Negative: tSUB RightOperand

   50 Addition: RightOperand tADD RightOperand

   51 Substraction: RightOperand tSUB RightOperand

   52 Division: RightOperand tDIV RightOperand

   53 Multiplication: RightOperand tMUL RightOperand

   54 And: RightOperand tAND RightOperand

   55 Or: RightOperand tOR RightOperand

   56 Equal: RightOperand tEQ RightOperand

   57 Lower: RightOperand tLT RightOperand

   58 Greater: RightOperand tGT RightOperand

   59 Condition: For
   60          | While
   61          | If
   62          | Elif
   63          | Else

   64 For: tFOR ForCondition

   65 $@2: %empty

   66 While: tWHILE $@2 ArgCondition

   67 If: tIF ArgCondition

   68 Elif: tELIF ArgCondition

   69 Else: tELSE

   70 ArgCondition: tLPAR Boolean tRPAR

   71 ForCondition: tLPAR DeclarationIndex tSEMI Boolean tSEMI Assignment tRPAR

   72 DeclarationIndex: Assignment
   73                 | tID

   74 Boolean: Operations
   75        | tID


Terminaux, suivis des règles où ils apparaissent

    $end (0) 0
    error (256)
    tID <s> (258) 5 7 23 32 33 34 38 73 75
    tNB <nb> (259) 37
    tADD (260) 50
    tSUB (261) 49 51
    tMUL (262) 53
    tDIV (263) 52
    tLT (264) 57
    tGT (265) 58
    tNE (266)
    tEQ (267) 56
    tGE (268)
    tLE (269)
    tAND (270) 54
    tOR (271) 55
    tNOT (272)
    tLBRACE (273) 4 31
    tRBRACE (274) 4 31
    tLPAR (275) 4 5 6 70 71
    tRPAR (276) 4 5 6 70 71
    tSEMI (277) 27 28 29 71
    tCOMMA (278) 9 13
    tIF (279) 67
    tELSE (280) 69
    tELIF (281) 68
    tWHILE (282) 66
    tPRINT (283) 5
    tRETURN (284)
    tINT (285) 17
    tVOID (286) 19
    tASSIGN (287) 33 34
    tFOR (288) 64
    tCONST (289) 15
    tSTRING (290) 18
    tMAIN (291) 22


Non-terminaux, suivis des règles où ils apparaissent

    $accept (37)
        à gauche: 0
    Program (38)
        à gauche: 1
        à droite: 0
    Functions (39)
        à gauche: 2 3
        à droite: 1 3
    Function (40)
        à gauche: 4
        à droite: 2 3
    CallFunction (41)
        à gauche: 5 6
        à droite: 27 35
    DeclareArgs (42)
        à gauche: 7 8
        à droite: 4 9
    DeclareArgNext (43)
        à gauche: 9 10
        à droite: 7
    CallArgs (44)
        à gauche: 11 12
        à droite: 6 13
    CallArgNext (45)
        à gauche: 13 14
        à droite: 11
    PreType <nb> (46)
        à gauche: 15 16
        à droite: 21
    Type <nb> (47)
        à gauche: 17 18 19
        à droite: 20 21
    FunctionType (48)
        à gauche: 20
        à droite: 4
    VarType <nb> (49)
        à gauche: 21
        à droite: 7 32 33
    FunctionName (50)
        à gauche: 22 23
        à droite: 4 6
    Body (51)
        à gauche: 24
        à droite: 4 31
    Lines (52)
        à gauche: 25 26
        à droite: 24 25
    Line (53)
        à gauche: 27 28 29 31
        à droite: 25
    $@1 (54)
        à gauche: 30
        à droite: 31
    Declaration (55)
        à gauche: 32 33
        à droite: 28
    Assignment (56)
        à gauche: 34
        à droite: 29 71 72
    RightOperand (57)
        à gauche: 35 36 37 38
        à droite: 11 33 34 49 50 51 52 53 54 55 56 57 58
    Operations (58)
        à gauche: 39 40 41 42 43 44 45 46 47 48
        à droite: 36 74
    Negative (59)
        à gauche: 49
        à droite: 39
    Addition (60)
        à gauche: 50
        à droite: 40
    Substraction (61)
        à gauche: 51
        à droite: 41
    Division (62)
        à gauche: 52
        à droite: 42
    Multiplication (63)
        à gauche: 53
        à droite: 43
    And (64)
        à gauche: 54
        à droite: 44
    Or (65)
        à gauche: 55
        à droite: 45
    Equal (66)
        à gauche: 56
        à droite: 46
    Lower (67)
        à gauche: 57
        à droite: 47
    Greater (68)
        à gauche: 58
        à droite: 48
    Condition (69)
        à gauche: 59 60 61 62 63
        à droite: 31
    For (70)
        à gauche: 64
        à droite: 59
    While (71)
        à gauche: 66
        à droite: 60
    $@2 (72)
        à gauche: 65
        à droite: 66
    If (73)
        à gauche: 67
        à droite: 61
    Elif (74)
        à gauche: 68
        à droite: 62
    Else (75)
        à gauche: 69
        à droite: 63
    ArgCondition (76)
        à gauche: 70
        à droite: 66 67 68
    ForCondition (77)
        à gauche: 71
        à droite: 64
    DeclarationIndex (78)
        à gauche: 72 73
        à droite: 71
    Boolean (79)
        à gauche: 74 75
        à droite: 70 71


État 0

    0 $accept: . Program $end

    tINT     décalage et aller à l'état 1
    tVOID    décalage et aller à l'état 2
    tSTRING  décalage et aller à l'état 3

    Program       aller à l'état 4
    Functions     aller à l'état 5
    Function      aller à l'état 6
    Type          aller à l'état 7
    FunctionType  aller à l'état 8


État 1

   17 Type: tINT .

    $défaut  réduction par utilisation de la règle 17 (Type)


État 2

   19 Type: tVOID .

    $défaut  réduction par utilisation de la règle 19 (Type)


État 3

   18 Type: tSTRING .

    $défaut  réduction par utilisation de la règle 18 (Type)


État 4

    0 $accept: Program . $end

    $end  décalage et aller à l'état 9


État 5

    1 Program: Functions .

    $défaut  réduction par utilisation de la règle 1 (Program)


État 6

    2 Functions: Function .
    3          | Function . Functions

    tINT     décalage et aller à l'état 1
    tVOID    décalage et aller à l'état 2
    tSTRING  décalage et aller à l'état 3

    $défaut  réduction par utilisation de la règle 2 (Functions)

    Functions     aller à l'état 10
    Function      aller à l'état 6
    Type          aller à l'état 7
    FunctionType  aller à l'état 8


État 7

   20 FunctionType: Type .

    $défaut  réduction par utilisation de la règle 20 (FunctionType)


État 8

    4 Function: FunctionType . FunctionName tLPAR DeclareArgs tRPAR tLBRACE Body tRBRACE

    tID    décalage et aller à l'état 11
    tMAIN  décalage et aller à l'état 12

    FunctionName  aller à l'état 13


État 9

    0 $accept: Program $end .

    $défaut  accepter


État 10

    3 Functions: Function Functions .

    $défaut  réduction par utilisation de la règle 3 (Functions)


État 11

   23 FunctionName: tID .

    $défaut  réduction par utilisation de la règle 23 (FunctionName)


État 12

   22 FunctionName: tMAIN .

    $défaut  réduction par utilisation de la règle 22 (FunctionName)


État 13

    4 Function: FunctionType FunctionName . tLPAR DeclareArgs tRPAR tLBRACE Body tRBRACE

    tLPAR  décalage et aller à l'état 14


État 14

    4 Function: FunctionType FunctionName tLPAR . DeclareArgs tRPAR tLBRACE Body tRBRACE

    tCONST  décalage et aller à l'état 15

    tRPAR     réduction par utilisation de la règle 8 (DeclareArgs)
    $défaut  réduction par utilisation de la règle 16 (PreType)

    DeclareArgs  aller à l'état 16
    PreType      aller à l'état 17
    VarType      aller à l'état 18


État 15

   15 PreType: tCONST .

    $défaut  réduction par utilisation de la règle 15 (PreType)


État 16

    4 Function: FunctionType FunctionName tLPAR DeclareArgs . tRPAR tLBRACE Body tRBRACE

    tRPAR  décalage et aller à l'état 19


État 17

   21 VarType: PreType . Type

    tINT     décalage et aller à l'état 1
    tVOID    décalage et aller à l'état 2
    tSTRING  décalage et aller à l'état 3

    Type  aller à l'état 20


État 18

    7 DeclareArgs: VarType . tID DeclareArgNext

    tID  décalage et aller à l'état 21


État 19

    4 Function: FunctionType FunctionName tLPAR DeclareArgs tRPAR . tLBRACE Body tRBRACE

    tLBRACE  décalage et aller à l'état 22


État 20

   21 VarType: PreType Type .

    $défaut  réduction par utilisation de la règle 21 (VarType)


État 21

    7 DeclareArgs: VarType tID . DeclareArgNext

    tCOMMA  décalage et aller à l'état 23

    $défaut  réduction par utilisation de la règle 10 (DeclareArgNext)

    DeclareArgNext  aller à l'état 24


État 22

    4 Function: FunctionType FunctionName tLPAR DeclareArgs tRPAR tLBRACE . Body tRBRACE

    tID     décalage et aller à l'état 25
    tIF     décalage et aller à l'état 26
    tELSE   décalage et aller à l'état 27
    tELIF   décalage et aller à l'état 28
    tWHILE  décalage et aller à l'état 29
    tPRINT  décalage et aller à l'état 30
    tFOR    décalage et aller à l'état 31
    tCONST  décalage et aller à l'état 15
    tMAIN   décalage et aller à l'état 12

    tRBRACE   réduction par utilisation de la règle 26 (Lines)
    $défaut  réduction par utilisation de la règle 16 (PreType)

    CallFunction  aller à l'état 32
    PreType       aller à l'état 17
    VarType       aller à l'état 33
    FunctionName  aller à l'état 34
    Body          aller à l'état 35
    Lines         aller à l'état 36
    Line          aller à l'état 37
    Declaration   aller à l'état 38
    Assignment    aller à l'état 39
    Condition     aller à l'état 40
    For           aller à l'état 41
    While         aller à l'état 42
    If            aller à l'état 43
    Elif          aller à l'état 44
    Else          aller à l'état 45


État 23

    9 DeclareArgNext: tCOMMA . DeclareArgs

    tCONST  décalage et aller à l'état 15

    tRPAR     réduction par utilisation de la règle 8 (DeclareArgs)
    $défaut  réduction par utilisation de la règle 16 (PreType)

    DeclareArgs  aller à l'état 46
    PreType      aller à l'état 17
    VarType      aller à l'état 18


État 24

    7 DeclareArgs: VarType tID DeclareArgNext .

    $défaut  réduction par utilisation de la règle 7 (DeclareArgs)


État 25

   23 FunctionName: tID .
   34 Assignment: tID . tASSIGN RightOperand

    tASSIGN  décalage et aller à l'état 47

    $défaut  réduction par utilisation de la règle 23 (FunctionName)


État 26

   67 If: tIF . ArgCondition

    tLPAR  décalage et aller à l'état 48

    ArgCondition  aller à l'état 49


État 27

   69 Else: tELSE .

    $défaut  réduction par utilisation de la règle 69 (Else)


État 28

   68 Elif: tELIF . ArgCondition

    tLPAR  décalage et aller à l'état 48

    ArgCondition  aller à l'état 50


État 29

   66 While: tWHILE . $@2 ArgCondition

    $défaut  réduction par utilisation de la règle 65 ($@2)

    $@2  aller à l'état 51


État 30

    5 CallFunction: tPRINT . tLPAR tID tRPAR

    tLPAR  décalage et aller à l'état 52


État 31

   64 For: tFOR . ForCondition

    tLPAR  décalage et aller à l'état 53

    ForCondition  aller à l'état 54


État 32

   27 Line: CallFunction . tSEMI

    tSEMI  décalage et aller à l'état 55


État 33

   32 Declaration: VarType . tID
   33            | VarType . tID tASSIGN RightOperand

    tID  décalage et aller à l'état 56


État 34

    6 CallFunction: FunctionName . tLPAR CallArgs tRPAR

    tLPAR  décalage et aller à l'état 57


État 35

    4 Function: FunctionType FunctionName tLPAR DeclareArgs tRPAR tLBRACE Body . tRBRACE

    tRBRACE  décalage et aller à l'état 58


État 36

   24 Body: Lines .

    $défaut  réduction par utilisation de la règle 24 (Body)


État 37

   25 Lines: Line . Lines

    tID     décalage et aller à l'état 25
    tIF     décalage et aller à l'état 26
    tELSE   décalage et aller à l'état 27
    tELIF   décalage et aller à l'état 28
    tWHILE  décalage et aller à l'état 29
    tPRINT  décalage et aller à l'état 30
    tFOR    décalage et aller à l'état 31
    tCONST  décalage et aller à l'état 15
    tMAIN   décalage et aller à l'état 12

    tRBRACE   réduction par utilisation de la règle 26 (Lines)
    $défaut  réduction par utilisation de la règle 16 (PreType)

    CallFunction  aller à l'état 32
    PreType       aller à l'état 17
    VarType       aller à l'état 33
    FunctionName  aller à l'état 34
    Lines         aller à l'état 59
    Line          aller à l'état 37
    Declaration   aller à l'état 38
    Assignment    aller à l'état 39
    Condition     aller à l'état 40
    For           aller à l'état 41
    While         aller à l'état 42
    If            aller à l'état 43
    Elif          aller à l'état 44
    Else          aller à l'état 45


État 38

   28 Line: Declaration . tSEMI

    tSEMI  décalage et aller à l'état 60


État 39

   29 Line: Assignment . tSEMI

    tSEMI  décalage et aller à l'état 61


État 40

   31 Line: Condition . tLBRACE $@1 Body tRBRACE

    tLBRACE  décalage et aller à l'état 62


État 41

   59 Condition: For .

    $défaut  réduction par utilisation de la règle 59 (Condition)


État 42

   60 Condition: While .

    $défaut  réduction par utilisation de la règle 60 (Condition)


État 43

   61 Condition: If .

    $défaut  réduction par utilisation de la règle 61 (Condition)


État 44

   62 Condition: Elif .

    $défaut  réduction par utilisation de la règle 62 (Condition)


État 45

   63 Condition: Else .

    $défaut  réduction par utilisation de la règle 63 (Condition)


État 46

    9 DeclareArgNext: tCOMMA DeclareArgs .

    $défaut  réduction par utilisation de la règle 9 (DeclareArgNext)


État 47

   34 Assignment: tID tASSIGN . RightOperand

    tID     décalage et aller à l'état 63
    tNB     décalage et aller à l'état 64
    tSUB    décalage et aller à l'état 65
    tPRINT  décalage et aller à l'état 30
    tMAIN   décalage et aller à l'état 12

    CallFunction    aller à l'état 66
    FunctionName    aller à l'état 34
    RightOperand    aller à l'état 67
    Operations      aller à l'état 68
    Negative        aller à l'état 69
    Addition        aller à l'état 70
    Substraction    aller à l'état 71
    Division        aller à l'état 72
    Multiplication  aller à l'état 73
    And             aller à l'état 74
    Or              aller à l'état 75
    Equal           aller à l'état 76
    Lower           aller à l'état 77
    Greater         aller à l'état 78


État 48

   70 ArgCondition: tLPAR . Boolean tRPAR

    tID     décalage et aller à l'état 79
    tNB     décalage et aller à l'état 64
    tSUB    décalage et aller à l'état 65
    tPRINT  décalage et aller à l'état 30
    tMAIN   décalage et aller à l'état 12

    CallFunction    aller à l'état 66
    FunctionName    aller à l'état 34
    RightOperand    aller à l'état 80
    Operations      aller à l'état 81
    Negative        aller à l'état 69
    Addition        aller à l'état 70
    Substraction    aller à l'état 71
    Division        aller à l'état 72
    Multiplication  aller à l'état 73
    And             aller à l'état 74
    Or              aller à l'état 75
    Equal           aller à l'état 76
    Lower           aller à l'état 77
    Greater         aller à l'état 78
    Boolean         aller à l'état 82


État 49

   67 If: tIF ArgCondition .

    $défaut  réduction par utilisation de la règle 67 (If)


État 50

   68 Elif: tELIF ArgCondition .

    $défaut  réduction par utilisation de la règle 68 (Elif)


État 51

   66 While: tWHILE $@2 . ArgCondition

    tLPAR  décalage et aller à l'état 48

    ArgCondition  aller à l'état 83


État 52

    5 CallFunction: tPRINT tLPAR . tID tRPAR

    tID  décalage et aller à l'état 84


État 53

   71 ForCondition: tLPAR . DeclarationIndex tSEMI Boolean tSEMI Assignment tRPAR

    tID  décalage et aller à l'état 85

    Assignment        aller à l'état 86
    DeclarationIndex  aller à l'état 87


État 54

   64 For: tFOR ForCondition .

    $défaut  réduction par utilisation de la règle 64 (For)


État 55

   27 Line: CallFunction tSEMI .

    $défaut  réduction par utilisation de la règle 27 (Line)


État 56

   32 Declaration: VarType tID .
   33            | VarType tID . tASSIGN RightOperand

    tASSIGN  décalage et aller à l'état 88

    $défaut  réduction par utilisation de la règle 32 (Declaration)


État 57

    6 CallFunction: FunctionName tLPAR . CallArgs tRPAR

    tID     décalage et aller à l'état 63
    tNB     décalage et aller à l'état 64
    tSUB    décalage et aller à l'état 65
    tPRINT  décalage et aller à l'état 30
    tMAIN   décalage et aller à l'état 12

    $défaut  réduction par utilisation de la règle 12 (CallArgs)

    CallFunction    aller à l'état 66
    CallArgs        aller à l'état 89
    FunctionName    aller à l'état 34
    RightOperand    aller à l'état 90
    Operations      aller à l'état 68
    Negative        aller à l'état 69
    Addition        aller à l'état 70
    Substraction    aller à l'état 71
    Division        aller à l'état 72
    Multiplication  aller à l'état 73
    And             aller à l'état 74
    Or              aller à l'état 75
    Equal           aller à l'état 76
    Lower           aller à l'état 77
    Greater         aller à l'état 78


État 58

    4 Function: FunctionType FunctionName tLPAR DeclareArgs tRPAR tLBRACE Body tRBRACE .

    $défaut  réduction par utilisation de la règle 4 (Function)


État 59

   25 Lines: Line Lines .

    $défaut  réduction par utilisation de la règle 25 (Lines)


État 60

   28 Line: Declaration tSEMI .

    $défaut  réduction par utilisation de la règle 28 (Line)


État 61

   29 Line: Assignment tSEMI .

    $défaut  réduction par utilisation de la règle 29 (Line)


État 62

   31 Line: Condition tLBRACE . $@1 Body tRBRACE

    $défaut  réduction par utilisation de la règle 30 ($@1)

    $@1  aller à l'état 91


État 63

   23 FunctionName: tID .
   38 RightOperand: tID .

    tLPAR     réduction par utilisation de la règle 23 (FunctionName)
    $défaut  réduction par utilisation de la règle 38 (RightOperand)


État 64

   37 RightOperand: tNB .

    $défaut  réduction par utilisation de la règle 37 (RightOperand)


État 65

   49 Negative: tSUB . RightOperand

    tID     décalage et aller à l'état 63
    tNB     décalage et aller à l'état 64
    tSUB    décalage et aller à l'état 65
    tPRINT  décalage et aller à l'état 30
    tMAIN   décalage et aller à l'état 12

    CallFunction    aller à l'état 66
    FunctionName    aller à l'état 34
    RightOperand    aller à l'état 92
    Operations      aller à l'état 68
    Negative        aller à l'état 69
    Addition        aller à l'état 70
    Substraction    aller à l'état 71
    Division        aller à l'état 72
    Multiplication  aller à l'état 73
    And             aller à l'état 74
    Or              aller à l'état 75
    Equal           aller à l'état 76
    Lower           aller à l'état 77
    Greater         aller à l'état 78


État 66

   35 RightOperand: CallFunction .

    $défaut  réduction par utilisation de la règle 35 (RightOperand)


État 67

   34 Assignment: tID tASSIGN RightOperand .
   50 Addition: RightOperand . tADD RightOperand
   51 Substraction: RightOperand . tSUB RightOperand
   52 Division: RightOperand . tDIV RightOperand
   53 Multiplication: RightOperand . tMUL RightOperand
   54 And: RightOperand . tAND RightOperand
   55 Or: RightOperand . tOR RightOperand
   56 Equal: RightOperand . tEQ RightOperand
   57 Lower: RightOperand . tLT RightOperand
   58 Greater: RightOperand . tGT RightOperand

    tADD  décalage et aller à l'état 93
    tSUB  décalage et aller à l'état 94
    tMUL  décalage et aller à l'état 95
    tDIV  décalage et aller à l'état 96
    tLT   décalage et aller à l'état 97
    tGT   décalage et aller à l'état 98
    tEQ   décalage et aller à l'état 99
    tAND  décalage et aller à l'état 100
    tOR   décalage et aller à l'état 101

    $défaut  réduction par utilisation de la règle 34 (Assignment)


État 68

   36 RightOperand: Operations .

    $défaut  réduction par utilisation de la règle 36 (RightOperand)


État 69

   39 Operations: Negative .

    $défaut  réduction par utilisation de la règle 39 (Operations)


État 70

   40 Operations: Addition .

    $défaut  réduction par utilisation de la règle 40 (Operations)


État 71

   41 Operations: Substraction .

    $défaut  réduction par utilisation de la règle 41 (Operations)


État 72

   42 Operations: Division .

    $défaut  réduction par utilisation de la règle 42 (Operations)


État 73

   43 Operations: Multiplication .

    $défaut  réduction par utilisation de la règle 43 (Operations)


État 74

   44 Operations: And .

    $défaut  réduction par utilisation de la règle 44 (Operations)


État 75

   45 Operations: Or .

    $défaut  réduction par utilisation de la règle 45 (Operations)


État 76

   46 Operations: Equal .

    $défaut  réduction par utilisation de la règle 46 (Operations)


État 77

   47 Operations: Lower .

    $défaut  réduction par utilisation de la règle 47 (Operations)


État 78

   48 Operations: Greater .

    $défaut  réduction par utilisation de la règle 48 (Operations)


État 79

   23 FunctionName: tID .
   38 RightOperand: tID .
   75 Boolean: tID .

    tLPAR     réduction par utilisation de la règle 23 (FunctionName)
    tRPAR     réduction par utilisation de la règle 75 (Boolean)
    tSEMI     réduction par utilisation de la règle 75 (Boolean)
    $défaut  réduction par utilisation de la règle 38 (RightOperand)


État 80

   50 Addition: RightOperand . tADD RightOperand
   51 Substraction: RightOperand . tSUB RightOperand
   52 Division: RightOperand . tDIV RightOperand
   53 Multiplication: RightOperand . tMUL RightOperand
   54 And: RightOperand . tAND RightOperand
   55 Or: RightOperand . tOR RightOperand
   56 Equal: RightOperand . tEQ RightOperand
   57 Lower: RightOperand . tLT RightOperand
   58 Greater: RightOperand . tGT RightOperand

    tADD  décalage et aller à l'état 93
    tSUB  décalage et aller à l'état 94
    tMUL  décalage et aller à l'état 95
    tDIV  décalage et aller à l'état 96
    tLT   décalage et aller à l'état 97
    tGT   décalage et aller à l'état 98
    tEQ   décalage et aller à l'état 99
    tAND  décalage et aller à l'état 100
    tOR   décalage et aller à l'état 101


État 81

   36 RightOperand: Operations .
   74 Boolean: Operations .

    tRPAR     réduction par utilisation de la règle 74 (Boolean)
    tSEMI     réduction par utilisation de la règle 74 (Boolean)
    $défaut  réduction par utilisation de la règle 36 (RightOperand)


État 82

   70 ArgCondition: tLPAR Boolean . tRPAR

    tRPAR  décalage et aller à l'état 102


État 83

   66 While: tWHILE $@2 ArgCondition .

    $défaut  réduction par utilisation de la règle 66 (While)


État 84

    5 CallFunction: tPRINT tLPAR tID . tRPAR

    tRPAR  décalage et aller à l'état 103


État 85

   34 Assignment: tID . tASSIGN RightOperand
   73 DeclarationIndex: tID .

    tASSIGN  décalage et aller à l'état 47

    $défaut  réduction par utilisation de la règle 73 (DeclarationIndex)


État 86

   72 DeclarationIndex: Assignment .

    $défaut  réduction par utilisation de la règle 72 (DeclarationIndex)


État 87

   71 ForCondition: tLPAR DeclarationIndex . tSEMI Boolean tSEMI Assignment tRPAR

    tSEMI  décalage et aller à l'état 104


État 88

   33 Declaration: VarType tID tASSIGN . RightOperand

    tID     décalage et aller à l'état 63
    tNB     décalage et aller à l'état 64
    tSUB    décalage et aller à l'état 65
    tPRINT  décalage et aller à l'état 30
    tMAIN   décalage et aller à l'état 12

    CallFunction    aller à l'état 66
    FunctionName    aller à l'état 34
    RightOperand    aller à l'état 105
    Operations      aller à l'état 68
    Negative        aller à l'état 69
    Addition        aller à l'état 70
    Substraction    aller à l'état 71
    Division        aller à l'état 72
    Multiplication  aller à l'état 73
    And             aller à l'état 74
    Or              aller à l'état 75
    Equal           aller à l'état 76
    Lower           aller à l'état 77
    Greater         aller à l'état 78


État 89

    6 CallFunction: FunctionName tLPAR CallArgs . tRPAR

    tRPAR  décalage et aller à l'état 106


État 90

   11 CallArgs: RightOperand . CallArgNext
   50 Addition: RightOperand . tADD RightOperand
   51 Substraction: RightOperand . tSUB RightOperand
   52 Division: RightOperand . tDIV RightOperand
   53 Multiplication: RightOperand . tMUL RightOperand
   54 And: RightOperand . tAND RightOperand
   55 Or: RightOperand . tOR RightOperand
   56 Equal: RightOperand . tEQ RightOperand
   57 Lower: RightOperand . tLT RightOperand
   58 Greater: RightOperand . tGT RightOperand

    tADD    décalage et aller à l'état 93
    tSUB    décalage et aller à l'état 94
    tMUL    décalage et aller à l'état 95
    tDIV    décalage et aller à l'état 96
    tLT     décalage et aller à l'état 97
    tGT     décalage et aller à l'état 98
    tEQ     décalage et aller à l'état 99
    tAND    décalage et aller à l'état 100
    tOR     décalage et aller à l'état 101
    tCOMMA  décalage et aller à l'état 107

    $défaut  réduction par utilisation de la règle 14 (CallArgNext)

    CallArgNext  aller à l'état 108


État 91

   31 Line: Condition tLBRACE $@1 . Body tRBRACE

    tID     décalage et aller à l'état 25
    tIF     décalage et aller à l'état 26
    tELSE   décalage et aller à l'état 27
    tELIF   décalage et aller à l'état 28
    tWHILE  décalage et aller à l'état 29
    tPRINT  décalage et aller à l'état 30
    tFOR    décalage et aller à l'état 31
    tCONST  décalage et aller à l'état 15
    tMAIN   décalage et aller à l'état 12

    tRBRACE   réduction par utilisation de la règle 26 (Lines)
    $défaut  réduction par utilisation de la règle 16 (PreType)

    CallFunction  aller à l'état 32
    PreType       aller à l'état 17
    VarType       aller à l'état 33
    FunctionName  aller à l'état 34
    Body          aller à l'état 109
    Lines         aller à l'état 36
    Line          aller à l'état 37
    Declaration   aller à l'état 38
    Assignment    aller à l'état 39
    Condition     aller à l'état 40
    For           aller à l'état 41
    While         aller à l'état 42
    If            aller à l'état 43
    Elif          aller à l'état 44
    Else          aller à l'état 45


État 92

   49 Negative: tSUB RightOperand .
   50 Addition: RightOperand . tADD RightOperand
   51 Substraction: RightOperand . tSUB RightOperand
   52 Division: RightOperand . tDIV RightOperand
   53 Multiplication: RightOperand . tMUL RightOperand
   54 And: RightOperand . tAND RightOperand
   55 Or: RightOperand . tOR RightOperand
   56 Equal: RightOperand . tEQ RightOperand
   57 Lower: RightOperand . tLT RightOperand
   58 Greater: RightOperand . tGT RightOperand

    tLT   décalage et aller à l'état 97
    tGT   décalage et aller à l'état 98
    tEQ   décalage et aller à l'état 99
    tAND  décalage et aller à l'état 100
    tOR   décalage et aller à l'état 101

    $défaut  réduction par utilisation de la règle 49 (Negative)


État 93

   50 Addition: RightOperand tADD . RightOperand

    tID     décalage et aller à l'état 63
    tNB     décalage et aller à l'état 64
    tSUB    décalage et aller à l'état 65
    tPRINT  décalage et aller à l'état 30
    tMAIN   décalage et aller à l'état 12

    CallFunction    aller à l'état 66
    FunctionName    aller à l'état 34
    RightOperand    aller à l'état 110
    Operations      aller à l'état 68
    Negative        aller à l'état 69
    Addition        aller à l'état 70
    Substraction    aller à l'état 71
    Division        aller à l'état 72
    Multiplication  aller à l'état 73
    And             aller à l'état 74
    Or              aller à l'état 75
    Equal           aller à l'état 76
    Lower           aller à l'état 77
    Greater         aller à l'état 78


État 94

   51 Substraction: RightOperand tSUB . RightOperand

    tID     décalage et aller à l'état 63
    tNB     décalage et aller à l'état 64
    tSUB    décalage et aller à l'état 65
    tPRINT  décalage et aller à l'état 30
    tMAIN   décalage et aller à l'état 12

    CallFunction    aller à l'état 66
    FunctionName    aller à l'état 34
    RightOperand    aller à l'état 111
    Operations      aller à l'état 68
    Negative        aller à l'état 69
    Addition        aller à l'état 70
    Substraction    aller à l'état 71
    Division        aller à l'état 72
    Multiplication  aller à l'état 73
    And             aller à l'état 74
    Or              aller à l'état 75
    Equal           aller à l'état 76
    Lower           aller à l'état 77
    Greater         aller à l'état 78


État 95

   53 Multiplication: RightOperand tMUL . RightOperand

    tID     décalage et aller à l'état 63
    tNB     décalage et aller à l'état 64
    tSUB    décalage et aller à l'état 65
    tPRINT  décalage et aller à l'état 30
    tMAIN   décalage et aller à l'état 12

    CallFunction    aller à l'état 66
    FunctionName    aller à l'état 34
    RightOperand    aller à l'état 112
    Operations      aller à l'état 68
    Negative        aller à l'état 69
    Addition        aller à l'état 70
    Substraction    aller à l'état 71
    Division        aller à l'état 72
    Multiplication  aller à l'état 73
    And             aller à l'état 74
    Or              aller à l'état 75
    Equal           aller à l'état 76
    Lower           aller à l'état 77
    Greater         aller à l'état 78


État 96

   52 Division: RightOperand tDIV . RightOperand

    tID     décalage et aller à l'état 63
    tNB     décalage et aller à l'état 64
    tSUB    décalage et aller à l'état 65
    tPRINT  décalage et aller à l'état 30
    tMAIN   décalage et aller à l'état 12

    CallFunction    aller à l'état 66
    FunctionName    aller à l'état 34
    RightOperand    aller à l'état 113
    Operations      aller à l'état 68
    Negative        aller à l'état 69
    Addition        aller à l'état 70
    Substraction    aller à l'état 71
    Division        aller à l'état 72
    Multiplication  aller à l'état 73
    And             aller à l'état 74
    Or              aller à l'état 75
    Equal           aller à l'état 76
    Lower           aller à l'état 77
    Greater         aller à l'état 78


État 97

   57 Lower: RightOperand tLT . RightOperand

    tID     décalage et aller à l'état 63
    tNB     décalage et aller à l'état 64
    tSUB    décalage et aller à l'état 65
    tPRINT  décalage et aller à l'état 30
    tMAIN   décalage et aller à l'état 12

    CallFunction    aller à l'état 66
    FunctionName    aller à l'état 34
    RightOperand    aller à l'état 114
    Operations      aller à l'état 68
    Negative        aller à l'état 69
    Addition        aller à l'état 70
    Substraction    aller à l'état 71
    Division        aller à l'état 72
    Multiplication  aller à l'état 73
    And             aller à l'état 74
    Or              aller à l'état 75
    Equal           aller à l'état 76
    Lower           aller à l'état 77
    Greater         aller à l'état 78


État 98

   58 Greater: RightOperand tGT . RightOperand

    tID     décalage et aller à l'état 63
    tNB     décalage et aller à l'état 64
    tSUB    décalage et aller à l'état 65
    tPRINT  décalage et aller à l'état 30
    tMAIN   décalage et aller à l'état 12

    CallFunction    aller à l'état 66
    FunctionName    aller à l'état 34
    RightOperand    aller à l'état 115
    Operations      aller à l'état 68
    Negative        aller à l'état 69
    Addition        aller à l'état 70
    Substraction    aller à l'état 71
    Division        aller à l'état 72
    Multiplication  aller à l'état 73
    And             aller à l'état 74
    Or              aller à l'état 75
    Equal           aller à l'état 76
    Lower           aller à l'état 77
    Greater         aller à l'état 78


État 99

   56 Equal: RightOperand tEQ . RightOperand

    tID     décalage et aller à l'état 63
    tNB     décalage et aller à l'état 64
    tSUB    décalage et aller à l'état 65
    tPRINT  décalage et aller à l'état 30
    tMAIN   décalage et aller à l'état 12

    CallFunction    aller à l'état 66
    FunctionName    aller à l'état 34
    RightOperand    aller à l'état 116
    Operations      aller à l'état 68
    Negative        aller à l'état 69
    Addition        aller à l'état 70
    Substraction    aller à l'état 71
    Division        aller à l'état 72
    Multiplication  aller à l'état 73
    And             aller à l'état 74
    Or              aller à l'état 75
    Equal           aller à l'état 76
    Lower           aller à l'état 77
    Greater         aller à l'état 78


État 100

   54 And: RightOperand tAND . RightOperand

    tID     décalage et aller à l'état 63
    tNB     décalage et aller à l'état 64
    tSUB    décalage et aller à l'état 65
    tPRINT  décalage et aller à l'état 30
    tMAIN   décalage et aller à l'état 12

    CallFunction    aller à l'état 66
    FunctionName    aller à l'état 34
    RightOperand    aller à l'état 117
    Operations      aller à l'état 68
    Negative        aller à l'état 69
    Addition        aller à l'état 70
    Substraction    aller à l'état 71
    Division        aller à l'état 72
    Multiplication  aller à l'état 73
    And             aller à l'état 74
    Or              aller à l'état 75
    Equal           aller à l'état 76
    Lower           aller à l'état 77
    Greater         aller à l'état 78


État 101

   55 Or: RightOperand tOR . RightOperand

    tID     décalage et aller à l'état 63
    tNB     décalage et aller à l'état 64
    tSUB    décalage et aller à l'état 65
    tPRINT  décalage et aller à l'état 30
    tMAIN   décalage et aller à l'état 12

    CallFunction    aller à l'état 66
    FunctionName    aller à l'état 34
    RightOperand    aller à l'état 118
    Operations      aller à l'état 68
    Negative        aller à l'état 69
    Addition        aller à l'état 70
    Substraction    aller à l'état 71
    Division        aller à l'état 72
    Multiplication  aller à l'état 73
    And             aller à l'état 74
    Or              aller à l'état 75
    Equal           aller à l'état 76
    Lower           aller à l'état 77
    Greater         aller à l'état 78


État 102

   70 ArgCondition: tLPAR Boolean tRPAR .

    $défaut  réduction par utilisation de la règle 70 (ArgCondition)


État 103

    5 CallFunction: tPRINT tLPAR tID tRPAR .

    $défaut  réduction par utilisation de la règle 5 (CallFunction)


État 104

   71 ForCondition: tLPAR DeclarationIndex tSEMI . Boolean tSEMI Assignment tRPAR

    tID     décalage et aller à l'état 79
    tNB     décalage et aller à l'état 64
    tSUB    décalage et aller à l'état 65
    tPRINT  décalage et aller à l'état 30
    tMAIN   décalage et aller à l'état 12

    CallFunction    aller à l'état 66
    FunctionName    aller à l'état 34
    RightOperand    aller à l'état 80
    Operations      aller à l'état 81
    Negative        aller à l'état 69
    Addition        aller à l'état 70
    Substraction    aller à l'état 71
    Division        aller à l'état 72
    Multiplication  aller à l'état 73
    And             aller à l'état 74
    Or              aller à l'état 75
    Equal           aller à l'état 76
    Lower           aller à l'état 77
    Greater         aller à l'état 78
    Boolean         aller à l'état 119


État 105

   33 Declaration: VarType tID tASSIGN RightOperand .
   50 Addition: RightOperand . tADD RightOperand
   51 Substraction: RightOperand . tSUB RightOperand
   52 Division: RightOperand . tDIV RightOperand
   53 Multiplication: RightOperand . tMUL RightOperand
   54 And: RightOperand . tAND RightOperand
   55 Or: RightOperand . tOR RightOperand
   56 Equal: RightOperand . tEQ RightOperand
   57 Lower: RightOperand . tLT RightOperand
   58 Greater: RightOperand . tGT RightOperand

    tADD  décalage et aller à l'état 93
    tSUB  décalage et aller à l'état 94
    tMUL  décalage et aller à l'état 95
    tDIV  décalage et aller à l'état 96
    tLT   décalage et aller à l'état 97
    tGT   décalage et aller à l'état 98
    tEQ   décalage et aller à l'état 99
    tAND  décalage et aller à l'état 100
    tOR   décalage et aller à l'état 101

    $défaut  réduction par utilisation de la règle 33 (Declaration)


État 106

    6 CallFunction: FunctionName tLPAR CallArgs tRPAR .

    $défaut  réduction par utilisation de la règle 6 (CallFunction)


État 107

   13 CallArgNext: tCOMMA . CallArgs

    tID     décalage et aller à l'état 63
    tNB     décalage et aller à l'état 64
    tSUB    décalage et aller à l'état 65
    tPRINT  décalage et aller à l'état 30
    tMAIN   décalage et aller à l'état 12

    $défaut  réduction par utilisation de la règle 12 (CallArgs)

    CallFunction    aller à l'état 66
    CallArgs        aller à l'état 120
    FunctionName    aller à l'état 34
    RightOperand    aller à l'état 90
    Operations      aller à l'état 68
    Negative        aller à l'état 69
    Addition        aller à l'état 70
    Substraction    aller à l'état 71
    Division        aller à l'état 72
    Multiplication  aller à l'état 73
    And             aller à l'état 74
    Or              aller à l'état 75
    Equal           aller à l'état 76
    Lower           aller à l'état 77
    Greater         aller à l'état 78


État 108

   11 CallArgs: RightOperand CallArgNext .

    $défaut  réduction par utilisation de la règle 11 (CallArgs)


État 109

   31 Line: Condition tLBRACE $@1 Body . tRBRACE

    tRBRACE  décalage et aller à l'état 121


État 110

   50 Addition: RightOperand . tADD RightOperand
   50         | RightOperand tADD RightOperand .
   51 Substraction: RightOperand . tSUB RightOperand
   52 Division: RightOperand . tDIV RightOperand
   53 Multiplication: RightOperand . tMUL RightOperand
   54 And: RightOperand . tAND RightOperand
   55 Or: RightOperand . tOR RightOperand
   56 Equal: RightOperand . tEQ RightOperand
   57 Lower: RightOperand . tLT RightOperand
   58 Greater: RightOperand . tGT RightOperand

    tLT   décalage et aller à l'état 97
    tGT   décalage et aller à l'état 98
    tEQ   décalage et aller à l'état 99
    tAND  décalage et aller à l'état 100
    tOR   décalage et aller à l'état 101

    $défaut  réduction par utilisation de la règle 50 (Addition)


État 111

   50 Addition: RightOperand . tADD RightOperand
   51 Substraction: RightOperand . tSUB RightOperand
   51             | RightOperand tSUB RightOperand .
   52 Division: RightOperand . tDIV RightOperand
   53 Multiplication: RightOperand . tMUL RightOperand
   54 And: RightOperand . tAND RightOperand
   55 Or: RightOperand . tOR RightOperand
   56 Equal: RightOperand . tEQ RightOperand
   57 Lower: RightOperand . tLT RightOperand
   58 Greater: RightOperand . tGT RightOperand

    tLT   décalage et aller à l'état 97
    tGT   décalage et aller à l'état 98
    tEQ   décalage et aller à l'état 99
    tAND  décalage et aller à l'état 100
    tOR   décalage et aller à l'état 101

    $défaut  réduction par utilisation de la règle 51 (Substraction)


État 112

   50 Addition: RightOperand . tADD RightOperand
   51 Substraction: RightOperand . tSUB RightOperand
   52 Division: RightOperand . tDIV RightOperand
   53 Multiplication: RightOperand . tMUL RightOperand
   53               | RightOperand tMUL RightOperand .
   54 And: RightOperand . tAND RightOperand
   55 Or: RightOperand . tOR RightOperand
   56 Equal: RightOperand . tEQ RightOperand
   57 Lower: RightOperand . tLT RightOperand
   58 Greater: RightOperand . tGT RightOperand

    tLT   décalage et aller à l'état 97
    tGT   décalage et aller à l'état 98
    tEQ   décalage et aller à l'état 99
    tAND  décalage et aller à l'état 100
    tOR   décalage et aller à l'état 101

    $défaut  réduction par utilisation de la règle 53 (Multiplication)


État 113

   50 Addition: RightOperand . tADD RightOperand
   51 Substraction: RightOperand . tSUB RightOperand
   52 Division: RightOperand . tDIV RightOperand
   52         | RightOperand tDIV RightOperand .
   53 Multiplication: RightOperand . tMUL RightOperand
   54 And: RightOperand . tAND RightOperand
   55 Or: RightOperand . tOR RightOperand
   56 Equal: RightOperand . tEQ RightOperand
   57 Lower: RightOperand . tLT RightOperand
   58 Greater: RightOperand . tGT RightOperand

    tLT   décalage et aller à l'état 97
    tGT   décalage et aller à l'état 98
    tEQ   décalage et aller à l'état 99
    tAND  décalage et aller à l'état 100
    tOR   décalage et aller à l'état 101

    $défaut  réduction par utilisation de la règle 52 (Division)


État 114

   50 Addition: RightOperand . tADD RightOperand
   51 Substraction: RightOperand . tSUB RightOperand
   52 Division: RightOperand . tDIV RightOperand
   53 Multiplication: RightOperand . tMUL RightOperand
   54 And: RightOperand . tAND RightOperand
   55 Or: RightOperand . tOR RightOperand
   56 Equal: RightOperand . tEQ RightOperand
   57 Lower: RightOperand . tLT RightOperand
   57      | RightOperand tLT RightOperand .
   58 Greater: RightOperand . tGT RightOperand

    $défaut  réduction par utilisation de la règle 57 (Lower)


État 115

   50 Addition: RightOperand . tADD RightOperand
   51 Substraction: RightOperand . tSUB RightOperand
   52 Division: RightOperand . tDIV RightOperand
   53 Multiplication: RightOperand . tMUL RightOperand
   54 And: RightOperand . tAND RightOperand
   55 Or: RightOperand . tOR RightOperand
   56 Equal: RightOperand . tEQ RightOperand
   57 Lower: RightOperand . tLT RightOperand
   58 Greater: RightOperand . tGT RightOperand
   58        | RightOperand tGT RightOperand .

    $défaut  réduction par utilisation de la règle 58 (Greater)


État 116

   50 Addition: RightOperand . tADD RightOperand
   51 Substraction: RightOperand . tSUB RightOperand
   52 Division: RightOperand . tDIV RightOperand
   53 Multiplication: RightOperand . tMUL RightOperand
   54 And: RightOperand . tAND RightOperand
   55 Or: RightOperand . tOR RightOperand
   56 Equal: RightOperand . tEQ RightOperand
   56      | RightOperand tEQ RightOperand .
   57 Lower: RightOperand . tLT RightOperand
   58 Greater: RightOperand . tGT RightOperand

    $défaut  réduction par utilisation de la règle 56 (Equal)


État 117

   50 Addition: RightOperand . tADD RightOperand
   51 Substraction: RightOperand . tSUB RightOperand
   52 Division: RightOperand . tDIV RightOperand
   53 Multiplication: RightOperand . tMUL RightOperand
   54 And: RightOperand . tAND RightOperand
   54    | RightOperand tAND RightOperand .
   55 Or: RightOperand . tOR RightOperand
   56 Equal: RightOperand . tEQ RightOperand
   57 Lower: RightOperand . tLT RightOperand
   58 Greater: RightOperand . tGT RightOperand

    tLT  décalage et aller à l'état 97
    tGT  décalage et aller à l'état 98
    tEQ  décalage et aller à l'état 99

    $défaut  réduction par utilisation de la règle 54 (And)


État 118

   50 Addition: RightOperand . tADD RightOperand
   51 Substraction: RightOperand . tSUB RightOperand
   52 Division: RightOperand . tDIV RightOperand
   53 Multiplication: RightOperand . tMUL RightOperand
   54 And: RightOperand . tAND RightOperand
   55 Or: RightOperand . tOR RightOperand
   55   | RightOperand tOR RightOperand .
   56 Equal: RightOperand . tEQ RightOperand
   57 Lower: RightOperand . tLT RightOperand
   58 Greater: RightOperand . tGT RightOperand

    tLT  décalage et aller à l'état 97
    tGT  décalage et aller à l'état 98
    tEQ  décalage et aller à l'état 99

    $défaut  réduction par utilisation de la règle 55 (Or)


État 119

   71 ForCondition: tLPAR DeclarationIndex tSEMI Boolean . tSEMI Assignment tRPAR

    tSEMI  décalage et aller à l'état 122


État 120

   13 CallArgNext: tCOMMA CallArgs .

    $défaut  réduction par utilisation de la règle 13 (CallArgNext)


État 121

   31 Line: Condition tLBRACE $@1 Body tRBRACE .

    $défaut  réduction par utilisation de la règle 31 (Line)


État 122

   71 ForCondition: tLPAR DeclarationIndex tSEMI Boolean tSEMI . Assignment tRPAR

    tID  décalage et aller à l'état 123

    Assignment  aller à l'état 124


État 123

   34 Assignment: tID . tASSIGN RightOperand

    tASSIGN  décalage et aller à l'état 47


État 124

   71 ForCondition: tLPAR DeclarationIndex tSEMI Boolean tSEMI Assignment . tRPAR

    tRPAR  décalage et aller à l'état 125


État 125

   71 ForCondition: tLPAR DeclarationIndex tSEMI Boolean tSEMI Assignment tRPAR .

    $défaut  réduction par utilisation de la règle 71 (ForCondition)
